#options: 2520x1080 fps=30/1 timebase=1/30 bitdepth=8 cabac=1 ref=1 deblock=1:0:0 analyse=0x1:0 me=dia subme=2 psy=1 psy_rd=1.00:0.00 mixed_ref=0 me_range=16 chroma_me=1 trellis=0 8x8dct=0 cqm=0 deadzone=21,11 fast_pskip=1 chroma_qp_offset=0 threads=18 lookahead_threads=6 sliced_threads=0 nr=0 decimate=1 interlaced=0 bluray_compat=0 constrained_intra=0 bframes=3 b_pyramid=2 b_adapt=1 b_bias=0 direct=3 weightb=1 open_gop=0 weightp=2 keyint=250 keyint_min=25 scenecut=40 intra_refresh=0 rc_lookahead=50 rc=abr mbtree=1 bitrate=7000 ratetol=1.0 qcomp=0.60 qpmin=0 qpmax=69 qpstep=4 ip_ratio=1.40 aq=1:1.00
in:0 out:0 type:I dur:2 cpbdur:2 q:23.86 aq:17.05 tex:734316 mv:177048 misc:468 imb:10744 pmb:0 smb:0 d:- ref:;
in:4 out:1 type:P dur:2 cpbdur:2 q:24.69 aq:17.94 tex:349944 mv:80944 misc:4160 imb:4526 pmb:5322 smb:896 d:- ref:0 ;
in:2 out:2 type:B dur:2 cpbdur:2 q:24.69 aq:19.11 tex:127528 mv:72705 misc:8199 imb:1652 pmb:6022 smb:3070 d:s ref:0 ;
in:1 out:3 type:b dur:2 cpbdur:2 q:24.69 aq:19.72 tex:59046 mv:52339 misc:9423 imb:997 pmb:5415 smb:4332 d:s ref:0 ;
in:3 out:4 type:b dur:2 cpbdur:2 q:24.69 aq:19.55 tex:55033 mv:39601 misc:9998 imb:748 pmb:4015 smb:5981 d:- ref:0 ;
in:7 out:5 type:P dur:2 cpbdur:2 q:24.76 aq:17.75 tex:358961 mv:83873 misc:4382 imb:4238 pmb:5632 smb:874 d:- ref:0 ;
in:5 out:6 type:B dur:2 cpbdur:2 q:24.71 aq:19.52 tex:71538 mv:48111 misc:9535 imb:934 pmb:4634 smb:5176 d:s ref:0 ;
in:6 out:7 type:b dur:2 cpbdur:2 q:24.74 aq:19.79 tex:81037 mv:53564 misc:9783 imb:1250 pmb:4944 smb:4550 d:- ref:0 ;
in:11 out:8 type:P dur:2 cpbdur:2 q:24.93 aq:18.10 tex:371702 mv:85804 misc:4054 imb:4430 pmb:5547 smb:767 d:- ref:0 ;
in:9 out:9 type:B dur:2 cpbdur:2 q:24.84 aq:19.29 tex:112777 mv:70844 misc:8731 imb:1311 pmb:6208 smb:3225 d:s ref:0 ;
in:8 out:10 type:b dur:2 cpbdur:2 q:24.80 aq:20.24 tex:51635 mv:39908 misc:10025 imb:674 pmb:4528 smb:5542 d:s ref:0 ;
in:10 out:11 type:b dur:2 cpbdur:2 q:24.88 aq:20.10 tex:77199 mv:50300 misc:10157 imb:1008 pmb:4954 smb:4782 d:- ref:0 ;
in:15 out:12 type:P dur:2 cpbdur:2 q:24.99 aq:18.35 tex:371520 mv:85558 misc:3922 imb:4552 pmb:5481 smb:711 d:- ref:0 ;
in:13 out:13 type:B dur:2 cpbdur:2 q:24.96 aq:19.47 tex:122522 mv:72531 misc:8675 imb:1450 pmb:6080 smb:3214 d:s ref:0 ;
in:12 out:14 type:b dur:2 cpbdur:2 q:24.94 aq:20.28 tex:60417 mv:46167 misc:10104 imb:844 pmb:4923 smb:4977 d:s ref:0 ;
in:14 out:15 type:b dur:2 cpbdur:2 q:24.97 aq:20.15 tex:78618 mv:49625 misc:10133 imb:1002 pmb:5076 smb:4666 d:- ref:0 ;
in:19 out:16 type:P dur:2 cpbdur:2 q:25.05 aq:18.56 tex:357564 mv:81981 misc:4487 imb:4330 pmb:5436 smb:978 d:s ref:0 ;
in:17 out:17 type:B dur:2 cpbdur:2 q:25.02 aq:19.54 tex:126021 mv:71405 misc:8686 imb:1419 pmb:6126 smb:3199 d:s ref:0 ;
in:16 out:18 type:b dur:2 cpbdur:2 q:25.01 aq:20.15 tex:61321 mv:44178 misc:10077 imb:779 pmb:4800 smb:5165 d:s ref:0 ;
in:18 out:19 type:b dur:2 cpbdur:2 q:25.03 aq:19.96 tex:87450 mv:52763 misc:9907 imb:1088 pmb:5065 smb:4591 d:- ref:0 ;
in:22 out:20 type:P dur:2 cpbdur:2 q:29.05 aq:22.33 tex:151503 mv:49046 misc:8947 imb:2638 pmb:3439 smb:4667 d:s ref:0 ;
in:20 out:21 type:B dur:2 cpbdur:2 q:26.38 aq:20.93 tex:66441 mv:39263 misc:9888 imb:763 pmb:3828 smb:6153 d:t ref:0 ;
in:21 out:22 type:b dur:2 cpbdur:2 q:27.72 aq:22.59 tex:33359 mv:28959 misc:8914 imb:501 pmb:3008 smb:7235 d:- ref:0 ;
in:24 out:23 type:P dur:2 cpbdur:2 q:28.53 aq:21.94 tex:141856 mv:52624 misc:8960 imb:2778 pmb:4061 smb:3905 d:s ref:0 ;
in:23 out:24 type:b dur:2 cpbdur:2 q:28.79 aq:23.44 tex:24934 mv:21766 misc:7716 imb:402 pmb:2070 smb:8272 d:t ref:0 ;
in:26 out:25 type:P dur:2 cpbdur:2 q:27.11 aq:20.38 tex:283555 mv:74651 misc:5586 imb:4287 pmb:5093 smb:1364 d:s ref:0 ;
in:25 out:26 type:b dur:2 cpbdur:2 q:27.82 aq:22.74 tex:38344 mv:32560 misc:9272 imb:622 pmb:3125 smb:6997 d:s ref:0 ;
in:30 out:27 type:P dur:2 cpbdur:2 q:27.26 aq:20.81 tex:260944 mv:69847 misc:6937 imb:3769 pmb:4706 smb:2269 d:s ref:0 ;
in:28 out:28 type:B dur:2 cpbdur:2 q:27.19 aq:21.47 tex:92947 mv:54856 misc:9997 imb:1135 pmb:4752 smb:4857 d:s ref:0 ;
in:27 out:29 type:b dur:2 cpbdur:2 q:27.15 aq:21.90 tex:30846 mv:28791 misc:9035 imb:455 pmb:2884 smb:7405 d:s ref:0 ;
in:29 out:30 type:b dur:2 cpbdur:2 q:27.22 aq:22.37 tex:39940 mv:34181 misc:9607 imb:584 pmb:3357 smb:6803 d:- ref:0 ;
in:34 out:31 type:P dur:2 cpbdur:2 q:26.45 aq:20.23 tex:303157 mv:76774 misc:5645 imb:4290 pmb:5025 smb:1429 d:s ref:0 ;
in:32 out:32 type:B dur:2 cpbdur:2 q:26.86 aq:21.09 tex:103719 mv:59959 misc:9882 imb:1203 pmb:5189 smb:4352 d:s ref:0 ;
in:31 out:33 type:b dur:2 cpbdur:2 q:27.06 aq:22.12 tex:31236 mv:29056 misc:9212 imb:515 pmb:2929 smb:7300 d:s ref:0 ;
in:33 out:34 type:b dur:2 cpbdur:2 q:26.65 aq:22.33 tex:51452 mv:37679 misc:9845 imb:791 pmb:3683 smb:6270 d:- ref:0 ;
in:38 out:35 type:P dur:2 cpbdur:2 q:25.90 aq:20.24 tex:314793 mv:78371 misc:5380 imb:4317 pmb:5095 smb:1332 d:s ref:0 ;
in:36 out:36 type:B dur:2 cpbdur:2 q:26.18 aq:20.97 tex:123595 mv:63535 misc:9798 imb:1273 pmb:5606 smb:3865 d:s ref:0 ;
in:35 out:37 type:b dur:2 cpbdur:2 q:26.31 aq:21.44 tex:43227 mv:33083 misc:9642 imb:584 pmb:3420 smb:6740 d:s ref:0 ;
in:37 out:38 type:b dur:2 cpbdur:2 q:26.04 aq:21.76 tex:68236 mv:47927 misc:10109 imb:1044 pmb:4360 smb:5340 d:- ref:0 ;
in:39 out:39 type:P dur:2 cpbdur:2 q:25.23 aq:20.09 tex:176435 mv:51479 misc:9006 imb:2210 pmb:4931 smb:3603 d:s ref:0 ;
in:42 out:40 type:P dur:2 cpbdur:2 q:24.97 aq:19.36 tex:312393 mv:79008 misc:4207 imb:5490 pmb:4367 smb:887 d:s ref:0 w:7,101,4,7,101,27,102,26 ;
in:40 out:41 type:B dur:2 cpbdur:2 q:25.14 aq:20.71 tex:257451 mv:78941 misc:7672 imb:3867 pmb:4452 smb:2425 d:t ref:0 ;
in:41 out:42 type:b dur:2 cpbdur:2 q:25.05 aq:20.68 tex:202613 mv:79310 misc:7749 imb:3663 pmb:4602 smb:2479 d:- ref:0 ;
in:44 out:43 type:P dur:2 cpbdur:2 q:25.03 aq:19.06 tex:213151 mv:69474 misc:5455 imb:5069 pmb:4227 smb:1448 d:s ref:0 w:7,107,2,5,27,20,27,20 ;
in:43 out:44 type:b dur:2 cpbdur:2 q:25.00 aq:20.02 tex:169854 mv:69132 misc:8150 imb:3611 pmb:3999 smb:3134 d:t ref:0 ;
in:46 out:45 type:P dur:2 cpbdur:2 q:25.02 aq:18.07 tex:232985 mv:71450 misc:4549 imb:5899 pmb:3850 smb:995 d:s ref:0 w:6,51,3,7,103,25,103,25 ;
in:45 out:46 type:b dur:2 cpbdur:2 q:25.02 aq:19.58 tex:184576 mv:69411 misc:7861 imb:3664 pmb:4416 smb:2664 d:t ref:0 ;
in:49 out:47 type:P dur:2 cpbdur:2 q:24.79 aq:16.70 tex:161614 mv:66305 misc:4977 imb:6314 pmb:3170 smb:1260 d:s ref:0 w:7,81,5,6,41,46,41,46 ;
in:47 out:48 type:B dur:2 cpbdur:2 q:24.94 aq:18.26 tex:227008 mv:69176 misc:7416 imb:4631 pmb:3728 smb:2385 d:t ref:0 ;
in:48 out:49 type:b dur:2 cpbdur:2 q:24.86 aq:18.28 tex:179577 mv:64016 misc:7423 imb:4191 pmb:4153 smb:2400 d:- ref:0 ;
in:52 out:50 type:P dur:2 cpbdur:2 q:24.68 aq:13.81 tex:124905 mv:56027 misc:5172 imb:6957 pmb:2229 smb:1558 d:s ref:0 w:7,53,9,7,55,73,59,69 ;
in:50 out:51 type:B dur:2 cpbdur:2 q:24.75 aq:16.81 tex:226161 mv:71514 misc:6157 imb:5951 pmb:3156 smb:1637 d:t ref:0 ;
in:51 out:52 type:b dur:2 cpbdur:2 q:24.72 aq:16.47 tex:168667 mv:57851 misc:6890 imb:4978 pmb:3569 smb:2197 d:- ref:0 ;
in:54 out:53 type:P dur:2 cpbdur:2 q:24.44 aq:9.08 tex:74 mv:61 misc:641 imb:6 pmb:0 smb:10738 d:s ref:0 w:0,0,16,7,3,125,1,127 ;
in:53 out:54 type:b dur:2 cpbdur:2 q:24.56 aq:13.90 tex:138348 mv:52973 misc:3367 imb:5625 pmb:4251 smb:868 d:s ref:0 ;
in:55 out:55 type:P dur:2 cpbdur:2 q:24.19 aq:12.55 tex:211310 mv:41177 misc:809 imb:10538 pmb:196 smb:10 d:s ref:0 w:0,9,-127 ;
in:57 out:56 type:P dur:2 cpbdur:2 q:24.10 aq:14.22 tex:388160 mv:63446 misc:1458 imb:8453 pmb:2136 smb:155 d:s ref:0 w:4,47,-30,0,2,-128,2,-128 ;
in:56 out:57 type:b dur:2 cpbdur:2 q:24.15 aq:15.13 tex:148629 mv:51981 misc:6734 imb:4573 pmb:4179 smb:1992 d:t ref:0 ;
in:61 out:58 type:P dur:2 cpbdur:2 q:24.28 aq:16.28 tex:542314 mv:77956 misc:1090 imb:7192 pmb:3518 smb:34 d:s ref:0 w:5,75,-22,0,2,-128,2,-128 ;
in:59 out:59 type:B dur:2 cpbdur:2 q:24.19 aq:16.84 tex:275850 mv:72308 misc:5890 imb:5464 pmb:3793 smb:1487 d:t ref:0 ;
in:58 out:60 type:b dur:2 cpbdur:2 q:24.14 aq:16.77 tex:163458 mv:58647 misc:7631 imb:3840 pmb:4609 smb:2295 d:s ref:0 ;
in:60 out:61 type:b dur:2 cpbdur:2 q:24.24 aq:17.76 tex:157633 mv:61379 misc:8396 imb:3396 pmb:4554 smb:2794 d:- ref:0 ;
in:65 out:62 type:P dur:2 cpbdur:2 q:24.76 aq:17.84 tex:544495 mv:86719 misc:1282 imb:6037 pmb:4627 smb:80 d:s ref:0 w:4,25,-8,5,51,-76,51,-76 ;
in:63 out:63 type:B dur:2 cpbdur:2 q:24.52 aq:18.46 tex:325517 mv:83635 misc:5584 imb:4905 pmb:4587 smb:1252 d:t ref:0 ;
in:62 out:64 type:b dur:2 cpbdur:2 q:24.40 aq:18.66 tex:177589 mv:70765 misc:7950 imb:3340 pmb:4991 smb:2413 d:s ref:0 ;
in:64 out:65 type:b dur:2 cpbdur:2 q:24.64 aq:19.38 tex:156234 mv:65095 misc:8863 imb:2734 pmb:4917 smb:3093 d:- ref:0 ;
in:69 out:66 type:P dur:2 cpbdur:2 q:25.30 aq:18.78 tex:491474 mv:86360 misc:1702 imb:5653 pmb:4935 smb:156 d:s ref:0 w:6,87,-6,3,11,-48,11,-48 ;
in:67 out:67 type:B dur:2 cpbdur:2 q:25.03 aq:19.83 tex:316489 mv:84018 misc:6413 imb:4175 pmb:4988 smb:1581 d:t ref:0 ;
in:66 out:68 type:b dur:2 cpbdur:2 q:24.89 aq:20.23 tex:168223 mv:71020 misc:8541 imb:2686 pmb:5293 smb:2765 d:t ref:0 ;
in:68 out:69 type:b dur:2 cpbdur:2 q:25.17 aq:20.87 tex:149195 mv:68028 misc:8849 imb:2549 pmb:5053 smb:3142 d:- ref:0 ;
in:73 out:70 type:P dur:2 cpbdur:2 q:25.82 aq:19.40 tex:308207 mv:80358 misc:4979 imb:3802 pmb:5757 smb:1185 d:t ref:0 ;
in:71 out:71 type:B dur:2 cpbdur:2 q:25.56 aq:20.12 tex:123557 mv:67630 misc:9741 imb:1114 pmb:6043 smb:3587 d:s ref:0 ;
in:70 out:72 type:b dur:2 cpbdur:2 q:25.43 aq:21.23 tex:57377 mv:45439 misc:10512 imb:645 pmb:4582 smb:5517 d:s ref:0 ;
in:72 out:73 type:b dur:2 cpbdur:2 q:25.69 aq:21.62 tex:37160 mv:34592 misc:9968 imb:395 pmb:3707 smb:6642 d:- ref:0 ;
in:76 out:74 type:P dur:2 cpbdur:2 q:26.06 aq:19.29 tex:313200 mv:79310 misc:5090 imb:3817 pmb:5719 smb:1208 d:s ref:0 ;
in:74 out:75 type:B dur:2 cpbdur:2 q:25.90 aq:20.66 tex:90543 mv:59614 misc:10131 imb:1076 pmb:5188 smb:4480 d:s ref:0 ;
in:75 out:76 type:b dur:2 cpbdur:2 q:25.98 aq:21.90 tex:32337 mv:32341 misc:9602 imb:326 pmb:3399 smb:7019 d:- ref:0 ;
in:80 out:77 type:P dur:2 cpbdur:2 q:26.55 aq:19.76 tex:286604 mv:78843 misc:5609 imb:3884 pmb:5347 smb:1513 d:t ref:0 ;
in:78 out:78 type:B dur:2 cpbdur:2 q:26.31 aq:20.84 tex:98204 mv:65118 misc:9326 imb:1164 pmb:5829 smb:3751 d:s ref:0 ;
in:77 out:79 type:b dur:2 cpbdur:2 q:26.19 aq:21.70 tex:41983 mv:52367 misc:9994 imb:632 pmb:5327 smb:4785 d:s ref:0 ;
in:79 out:80 type:b dur:2 cpbdur:2 q:26.43 aq:22.31 tex:32284 mv:31177 misc:9499 imb:371 pmb:3186 smb:7187 d:- ref:0 ;
in:84 out:81 type:P dur:2 cpbdur:2 q:26.94 aq:20.25 tex:263221 mv:77549 misc:5902 imb:3890 pmb:5240 smb:1614 d:t ref:0 ;
in:82 out:82 type:B dur:2 cpbdur:2 q:26.75 aq:21.21 tex:88882 mv:59626 misc:9620 imb:1171 pmb:5295 smb:4278 d:s ref:0 ;
in:81 out:83 type:b dur:2 cpbdur:2 q:26.65 aq:22.50 tex:39163 mv:44571 misc:10018 imb:610 pmb:4582 smb:5552 d:s ref:0 ;
in:83 out:84 type:b dur:2 cpbdur:2 q:26.84 aq:22.50 tex:31451 mv:30092 misc:9193 imb:376 pmb:2991 smb:7377 d:- ref:0 ;
in:88 out:85 type:P dur:2 cpbdur:2 q:27.17 aq:20.58 tex:256048 mv:75965 misc:6195 imb:4017 pmb:4935 smb:1792 d:t ref:0 ;
in:86 out:86 type:B dur:2 cpbdur:2 q:27.06 aq:21.45 tex:89323 mv:59357 misc:9664 imb:1230 pmb:5039 smb:4475 d:s ref:0 ;
in:85 out:87 type:b dur:2 cpbdur:2 q:27.00 aq:22.83 tex:36366 mv:46559 misc:10019 imb:660 pmb:4775 smb:5309 d:s ref:0 ;
in:87 out:88 type:b dur:2 cpbdur:2 q:27.11 aq:22.84 tex:32797 mv:31298 misc:9097 imb:399 pmb:3004 smb:7341 d:- ref:0 ;
in:92 out:89 type:P dur:2 cpbdur:2 q:27.08 aq:20.67 tex:271493 mv:75055 misc:6340 imb:3991 pmb:4823 smb:1930 d:s ref:0 ;
in:90 out:90 type:B dur:2 cpbdur:2 q:27.13 aq:21.64 tex:99560 mv:62405 misc:10251 imb:1335 pmb:4844 smb:4565 d:s ref:0 ;
in:89 out:91 type:b dur:2 cpbdur:2 q:27.15 aq:23.04 tex:41895 mv:41303 misc:9898 imb:554 pmb:3766 smb:6424 d:s ref:0 ;
in:91 out:92 type:b dur:2 cpbdur:2 q:27.10 aq:22.67 tex:36809 mv:35442 misc:9397 imb:458 pmb:3171 smb:7115 d:- ref:0 ;
in:94 out:93 type:P dur:2 cpbdur:2 q:26.68 aq:19.90 tex:296729 mv:78558 misc:5537 imb:4158 pmb:5161 smb:1425 d:s ref:0 ;
in:93 out:94 type:b dur:2 cpbdur:2 q:26.88 aq:22.65 tex:46970 mv:40972 misc:9786 imb:530 pmb:3800 smb:6414 d:s ref:0 ;
in:96 out:95 type:P dur:2 cpbdur:2 q:26.58 aq:19.85 tex:213385 mv:66038 misc:7793 imb:2708 pmb:5408 smb:2628 d:s ref:0 ;
in:95 out:96 type:b dur:2 cpbdur:2 q:26.63 aq:22.45 tex:37686 mv:33721 misc:9113 imb:440 pmb:3004 smb:7300 d:s ref:0 ;
in:100 out:97 type:P dur:2 cpbdur:2 q:26.46 aq:19.74 tex:447489 mv:83130 misc:3445 imb:5858 pmb:4240 smb:646 d:s ref:0 ;
in:98 out:98 type:B dur:2 cpbdur:2 q:26.52 aq:20.83 tex:111387 mv:70743 misc:9926 imb:1411 pmb:5241 smb:4092 d:s ref:0 ;
in:97 out:99 type:b dur:2 cpbdur:2 q:26.55 aq:21.79 tex:52888 mv:47679 misc:10049 imb:717 pmb:4137 smb:5890 d:s ref:0 ;
in:99 out:100 type:b dur:2 cpbdur:2 q:26.49 aq:21.79 tex:43496 mv:39254 misc:9938 imb:482 pmb:3646 smb:6616 d:- ref:0 ;
in:104 out:101 type:P dur:2 cpbdur:2 q:26.13 aq:19.38 tex:403158 mv:85785 misc:3561 imb:5015 pmb:5080 smb:649 d:s ref:0 ;
in:102 out:102 type:B dur:2 cpbdur:2 q:26.29 aq:20.62 tex:108362 mv:72045 misc:9625 imb:1456 pmb:5438 smb:3850 d:s ref:0 ;
in:101 out:103 type:b dur:2 cpbdur:2 q:26.38 aq:21.65 tex:53562 mv:49351 misc:10343 imb:770 pmb:4360 smb:5614 d:s ref:0 ;
in:103 out:104 type:b dur:2 cpbdur:2 q:26.21 aq:21.56 tex:40673 mv:40740 misc:10003 imb:532 pmb:3782 smb:6430 d:- ref:0 ;
in:108 out:105 type:P dur:2 cpbdur:2 q:25.86 aq:19.40 tex:350723 mv:86575 misc:3678 imb:4341 pmb:5702 smb:701 d:s ref:0 ;
in:106 out:106 type:B dur:2 cpbdur:2 q:25.99 aq:20.39 tex:107756 mv:72577 misc:9707 imb:1384 pmb:5709 smb:3651 d:s ref:0 ;
in:105 out:107 type:b dur:2 cpbdur:2 q:26.06 aq:21.28 tex:48396 mv:48130 misc:10370 imb:610 pmb:4437 smb:5697 d:s ref:0 ;
in:107 out:108 type:b dur:2 cpbdur:2 q:25.93 aq:21.09 tex:41186 mv:41022 misc:10216 imb:525 pmb:3999 smb:6220 d:- ref:0 ;
in:111 out:109 type:P dur:2 cpbdur:2 q:25.69 aq:19.19 tex:345291 mv:86830 misc:3927 imb:4042 pmb:5910 smb:792 d:s ref:0 ;
in:109 out:110 type:B dur:2 cpbdur:2 q:25.80 aq:20.77 tex:62694 mv:50736 misc:10330 imb:674 pmb:4535 smb:5535 d:s ref:0 ;
in:110 out:111 type:b dur:2 cpbdur:2 q:25.75 aq:21.13 tex:65528 mv:54033 misc:10255 imb:908 pmb:4885 smb:4951 d:- ref:0 ;
in:112 out:112 type:P dur:2 cpbdur:2 q:25.62 aq:19.01 tex:187173 mv:62974 misc:7685 imb:1877 pmb:6279 smb:2588 d:s ref:0 ;
in:115 out:113 type:P dur:2 cpbdur:2 q:25.66 aq:19.07 tex:346605 mv:85695 misc:3724 imb:4031 pmb:6020 smb:693 d:s ref:0 ;
in:113 out:114 type:B dur:2 cpbdur:2 q:25.63 aq:20.78 tex:65058 mv:53207 misc:10271 imb:781 pmb:4609 smb:5354 d:s ref:0 ;
in:114 out:115 type:b dur:2 cpbdur:2 q:25.65 aq:21.21 tex:66483 mv:53185 misc:10268 imb:895 pmb:4886 smb:4963 d:- ref:0 ;
in:118 out:116 type:P dur:2 cpbdur:2 q:25.76 aq:19.29 tex:334045 mv:84879 misc:4620 imb:3469 pmb:6254 smb:1021 d:s ref:0 ;
in:116 out:117 type:B dur:2 cpbdur:2 q:25.70 aq:20.30 tex:78052 mv:57536 misc:10132 imb:789 pmb:5022 smb:4933 d:s ref:0 ;
in:117 out:118 type:b dur:2 cpbdur:2 q:25.73 aq:21.46 tex:56228 mv:53031 misc:10437 imb:714 pmb:4832 smb:5198 d:- ref:0 ;
in:120 out:119 type:P dur:2 cpbdur:2 q:25.82 aq:19.23 tex:248916 mv:78871 misc:5413 imb:2994 pmb:6496 smb:1254 d:s ref:0 ;
in:119 out:120 type:b dur:2 cpbdur:2 q:25.79 aq:21.38 tex:41418 mv:42805 misc:9953 imb:504 pmb:4002 smb:6238 d:t ref:0 ;
in:124 out:121 type:P dur:2 cpbdur:2 q:25.81 aq:19.38 tex:395531 mv:90923 misc:2898 imb:4269 pmb:6039 smb:436 d:s ref:0 ;
in:122 out:122 type:B dur:2 cpbdur:2 q:25.82 aq:20.66 tex:125938 mv:76578 misc:9124 imb:1278 pmb:6205 smb:3261 d:s ref:0 ;
in:121 out:123 type:b dur:2 cpbdur:2 q:25.82 aq:21.67 tex:53796 mv:53510 misc:10310 imb:707 pmb:4810 smb:5227 d:s ref:0 ;
in:123 out:124 type:b dur:2 cpbdur:2 q:25.82 aq:21.39 tex:49459 mv:46525 misc:10432 imb:567 pmb:4418 smb:5759 d:- ref:0 ;
in:128 out:125 type:P dur:2 cpbdur:2 q:25.80 aq:19.51 tex:387457 mv:90537 misc:3062 imb:3957 pmb:6259 smb:528 d:s ref:0 ;
in:126 out:126 type:B dur:2 cpbdur:2 q:25.80 aq:20.80 tex:119357 mv:74362 misc:9257 imb:1320 pmb:5930 smb:3494 d:s ref:0 ;
in:125 out:127 type:b dur:2 cpbdur:2 q:25.81 aq:21.72 tex:53739 mv:52888 misc:10293 imb:587 pmb:4877 smb:5280 d:s ref:0 ;
in:127 out:128 type:b dur:2 cpbdur:2 q:25.80 aq:21.69 tex:48549 mv:45619 misc:10176 imb:540 pmb:4305 smb:5899 d:- ref:0 ;
in:132 out:129 type:P dur:2 cpbdur:2 q:25.73 aq:19.60 tex:397174 mv:91525 misc:3093 imb:4074 pmb:6173 smb:497 d:s ref:0 ;
in:130 out:130 type:B dur:2 cpbdur:2 q:25.76 aq:20.69 tex:129823 mv:77048 misc:9105 imb:1438 pmb:5980 smb:3326 d:s ref:0 ;
in:129 out:131 type:b dur:2 cpbdur:2 q:25.78 aq:21.52 tex:58842 mv:55759 misc:10327 imb:714 pmb:4930 smb:5100 d:s ref:0 ;
in:131 out:132 type:b dur:2 cpbdur:2 q:25.74 aq:21.41 tex:48634 mv:45781 misc:10257 imb:609 pmb:4215 smb:5920 d:- ref:0 ;
in:136 out:133 type:P dur:2 cpbdur:2 q:25.72 aq:19.62 tex:416667 mv:93895 misc:2582 imb:4406 pmb:5960 smb:378 d:s ref:0 ;
in:134 out:134 type:B dur:2 cpbdur:2 q:25.73 aq:20.83 tex:141304 mv:82214 misc:8898 imb:1581 pmb:6085 smb:3078 d:s ref:0 ;
in:133 out:135 type:b dur:2 cpbdur:2 q:25.73 aq:21.49 tex:61590 mv:58994 misc:10376 imb:740 pmb:5210 smb:4794 d:s ref:0 ;
in:135 out:136 type:b dur:2 cpbdur:2 q:25.72 aq:21.47 tex:51494 mv:48911 misc:10107 imb:681 pmb:4414 smb:5649 d:- ref:0 ;
in:140 out:137 type:P dur:2 cpbdur:2 q:25.71 aq:19.42 tex:405106 mv:93890 misc:2892 imb:4065 pmb:6218 smb:461 d:s ref:0 ;
in:138 out:138 type:B dur:2 cpbdur:2 q:25.72 aq:20.76 tex:134461 mv:81291 misc:8864 imb:1641 pmb:6042 smb:3061 d:s ref:0 ;
in:137 out:139 type:b dur:2 cpbdur:2 q:25.72 aq:21.69 tex:65213 mv:58757 misc:10278 imb:826 pmb:4987 smb:4931 d:s ref:0 ;
in:139 out:140 type:b dur:2 cpbdur:2 q:25.72 aq:21.47 tex:51479 mv:49009 misc:10264 imb:701 pmb:4329 smb:5714 d:- ref:0 ;
in:144 out:141 type:P dur:2 cpbdur:2 q:25.68 aq:19.48 tex:385610 mv:94319 misc:2903 imb:3695 pmb:6579 smb:470 d:s ref:0 ;
in:142 out:142 type:B dur:2 cpbdur:2 q:25.70 aq:20.77 tex:125763 mv:78079 misc:9126 imb:1401 pmb:6114 smb:3229 d:s ref:0 ;
in:141 out:143 type:b dur:2 cpbdur:2 q:25.71 aq:21.70 tex:60710 mv:56238 misc:10156 imb:711 pmb:5016 smb:5017 d:s ref:0 ;
in:143 out:144 type:b dur:2 cpbdur:2 q:25.69 aq:21.62 tex:46260 mv:45797 misc:10319 imb:512 pmb:4266 smb:5966 d:- ref:0 ;
in:148 out:145 type:P dur:2 cpbdur:2 q:25.66 aq:19.51 tex:401755 mv:93638 misc:3231 imb:3445 pmb:6791 smb:508 d:s ref:0 ;
in:146 out:146 type:B dur:2 cpbdur:2 q:25.67 aq:20.90 tex:117647 mv:74937 misc:9456 imb:1147 pmb:6161 smb:3436 d:s ref:0 ;
in:145 out:147 type:b dur:2 cpbdur:2 q:25.68 aq:21.85 tex:59047 mv:55163 misc:10310 imb:632 pmb:5070 smb:5042 d:s ref:0 ;
in:147 out:148 type:b dur:2 cpbdur:2 q:25.67 aq:21.65 tex:45723 mv:45115 misc:10346 imb:491 pmb:4248 smb:6005 d:- ref:0 ;
in:152 out:149 type:P dur:2 cpbdur:2 q:25.66 aq:20.05 tex:365913 mv:91337 misc:3686 imb:3169 pmb:6935 smb:640 d:s ref:0 ;
in:150 out:150 type:B dur:2 cpbdur:2 q:25.66 aq:20.94 tex:119951 mv:72620 misc:9509 imb:988 pmb:6325 smb:3431 d:s ref:0 ;
in:149 out:151 type:b dur:2 cpbdur:2 q:25.66 aq:22.07 tex:55137 mv:52058 misc:10461 imb:485 pmb:4963 smb:5296 d:s ref:0 ;
in:151 out:152 type:b dur:2 cpbdur:2 q:25.66 aq:21.70 tex:43756 mv:41955 misc:10249 imb:372 pmb:4112 smb:6260 d:- ref:0 ;
in:154 out:153 type:P dur:2 cpbdur:2 q:25.68 aq:20.36 tex:327841 mv:82028 misc:4907 imb:2848 pmb:6852 smb:1044 d:s ref:0 ;
in:153 out:154 type:b dur:2 cpbdur:2 q:25.67 aq:21.97 tex:55943 mv:47975 misc:10322 imb:401 pmb:4722 smb:5621 d:s ref:0 ;
in:158 out:155 type:P dur:2 cpbdur:2 q:25.73 aq:19.74 tex:296941 mv:81844 misc:4255 imb:4786 pmb:5131 smb:827 d:s ref:0 w:6,47,4,7,94,34,95,33 ;
in:156 out:156 type:B dur:2 cpbdur:2 q:25.70 aq:20.86 tex:321693 mv:86036 misc:7167 imb:3615 pmb:5125 smb:2004 d:s ref:0 ;
in:155 out:157 type:b dur:2 cpbdur:2 q:25.69 aq:21.93 tex:141578 mv:56746 misc:9572 imb:1683 pmb:5079 smb:3982 d:s ref:0 ;
in:157 out:158 type:b dur:2 cpbdur:2 q:25.72 aq:21.50 tex:153839 mv:60343 misc:9050 imb:1913 pmb:5107 smb:3724 d:- ref:0 ;
in:162 out:159 type:P dur:2 cpbdur:2 q:25.73 aq:18.81 tex:224080 mv:79914 misc:4182 imb:5444 pmb:4430 smb:870 d:s ref:0 w:6,41,5,5,21,44,21,44 ;
in:160 out:160 type:B dur:2 cpbdur:2 q:25.73 aq:19.86 tex:270545 mv:80186 misc:7189 imb:3881 pmb:4733 smb:2130 d:t ref:0 ;
in:159 out:161 type:b dur:2 cpbdur:2 q:25.73 aq:20.83 tex:124406 mv:52866 misc:9320 imb:1855 pmb:4485 smb:4404 d:t ref:0 ;
in:161 out:162 type:b dur:2 cpbdur:2 q:25.73 aq:20.37 tex:148422 mv:61452 misc:9070 imb:2409 pmb:4959 smb:3376 d:- ref:0 ;
in:166 out:163 type:P dur:2 cpbdur:2 q:25.64 aq:16.07 tex:141951 mv:58531 misc:5806 imb:6310 pmb:2667 smb:1767 d:s ref:0 w:7,55,9,7,57,71,54,74 ;
in:164 out:164 type:B dur:2 cpbdur:2 q:25.68 aq:18.53 tex:219247 mv:65451 misc:7598 imb:4209 pmb:4113 smb:2422 d:t ref:0 ;
in:163 out:165 type:b dur:2 cpbdur:2 q:25.71 aq:19.54 tex:120770 mv:47069 misc:9401 imb:2197 pmb:4452 smb:4095 d:s ref:0 ;
in:165 out:166 type:b dur:2 cpbdur:2 q:25.66 aq:18.54 tex:127203 mv:50587 misc:9178 imb:2998 pmb:4090 smb:3656 d:- ref:0 ;
in:167 out:167 type:P dur:2 cpbdur:2 q:25.49 aq:15.12 tex:111394 mv:47291 misc:7003 imb:5499 pmb:2655 smb:2590 d:s ref:0 w:6,43,5,6,43,42,44,40 ;
in:169 out:168 type:P dur:2 cpbdur:2 q:25.49 aq:11.23 tex:489 mv:312 misc:847 imb:70 pmb:0 smb:10674 d:s ref:0 w:0,0,16,7,8,120,1,127 ;
in:168 out:169 type:b dur:2 cpbdur:2 q:25.49 aq:15.04 tex:125109 mv:43828 misc:6007 imb:4300 pmb:4289 smb:2155 d:s ref:0 ;
in:170 out:170 type:P dur:2 cpbdur:2 q:25.31 aq:13.44 tex:209218 mv:32582 misc:1376 imb:10078 pmb:68 smb:598 d:s ref:0 ;
in:171 out:171 type:P dur:2 cpbdur:2 q:25.34 aq:15.14 tex:237709 mv:49397 misc:3646 imb:6811 pmb:2829 smb:1104 d:s ref:0 w:6,127,-16 ;
in:172 out:172 type:P dur:2 cpbdur:2 q:25.31 aq:15.83 tex:241244 mv:53073 misc:4139 imb:6109 pmb:3496 smb:1139 d:s ref:0 w:1,3,-8,6,83,-38,80,-32 ;
in:173 out:173 type:I dur:2 cpbdur:2 q:22.73 aq:13.59 tex:499889 mv:129121 misc:486 imb:10744 pmb:0 smb:0 d:s ref:w:1,3,-8,6,83,-38,80,-32 ;
in:177 out:174 type:P dur:2 cpbdur:2 q:25.59 aq:17.81 tex:362879 mv:67573 misc:2724 imb:5944 pmb:4433 smb:367 d:s ref:0 w:6,127,-15,6,123,-118,123,-118 ;
in:175 out:175 type:B dur:2 cpbdur:2 q:25.59 aq:18.22 tex:145292 mv:48186 misc:8962 imb:3323 pmb:3948 smb:3473 d:s ref:0 ;
in:174 out:176 type:b dur:2 cpbdur:2 q:25.59 aq:18.23 tex:99905 mv:41035 misc:9204 imb:2896 pmb:3581 smb:4267 d:s ref:0 ;
in:176 out:177 type:b dur:2 cpbdur:2 q:25.59 aq:18.76 tex:93177 mv:40204 misc:9291 imb:2502 pmb:3639 smb:4603 d:- ref:0 ;
in:180 out:178 type:P dur:2 cpbdur:2 q:25.70 aq:18.22 tex:390076 mv:71359 misc:3237 imb:5003 pmb:5224 smb:517 d:s ref:0 w:3,11,-6,6,88,-48,85,-42 ;
in:178 out:179 type:B dur:2 cpbdur:2 q:25.62 aq:19.50 tex:117562 mv:48189 misc:9393 imb:2534 pmb:3827 smb:4383 d:s ref:0 ;
in:179 out:180 type:b dur:2 cpbdur:2 q:25.66 aq:19.70 tex:85410 mv:38021 misc:9193 imb:1989 pmb:3243 smb:5512 d:- ref:0 ;
in:184 out:181 type:P dur:2 cpbdur:2 q:25.77 aq:18.38 tex:465349 mv:78680 misc:1779 imb:5295 pmb:5287 smb:162 d:s ref:0 w:6,87,-5,6,87,-46,87,-46 ;
in:182 out:182 type:B dur:2 cpbdur:2 q:25.73 aq:20.49 tex:161551 mv:54411 misc:8878 imb:2820 pmb:4555 smb:3369 d:s ref:0 ;
in:181 out:183 type:b dur:2 cpbdur:2 q:25.72 aq:20.10 tex:88731 mv:39897 misc:9276 imb:2083 pmb:3391 smb:5270 d:s ref:0 ;
in:183 out:184 type:b dur:2 cpbdur:2 q:25.75 aq:20.44 tex:82916 mv:36793 misc:9507 imb:1666 pmb:3426 smb:5652 d:- ref:0 ;
in:188 out:185 type:P dur:2 cpbdur:2 q:25.85 aq:18.53 tex:254075 mv:66567 misc:6734 imb:2760 pmb:6029 smb:1955 d:s ref:0 ;
in:186 out:186 type:B dur:2 cpbdur:2 q:25.81 aq:19.70 tex:55496 mv:39009 misc:10471 imb:770 pmb:4191 smb:5783 d:s ref:0 ;
in:185 out:187 type:b dur:2 cpbdur:2 q:25.79 aq:20.31 tex:22228 mv:21843 misc:8801 imb:328 pmb:2684 smb:7732 d:s ref:0 ;
in:187 out:188 type:b dur:2 cpbdur:2 q:25.83 aq:19.87 tex:18877 mv:16689 misc:8066 imb:246 pmb:2219 smb:8279 d:- ref:0 ;
in:192 out:189 type:P dur:2 cpbdur:2 q:25.89 aq:18.79 tex:286945 mv:69627 misc:5924 imb:3287 pmb:5899 smb:1558 d:s ref:0 ;
in:190 out:190 type:B dur:2 cpbdur:2 q:25.87 aq:19.41 tex:61106 mv:42582 misc:10640 imb:735 pmb:4525 smb:5484 d:s ref:0 ;
in:189 out:191 type:b dur:2 cpbdur:2 q:25.86 aq:20.20 tex:21222 mv:22238 misc:9020 imb:304 pmb:2792 smb:7648 d:s ref:0 ;
in:191 out:192 type:b dur:2 cpbdur:2 q:25.88 aq:20.35 tex:18694 mv:17727 misc:8395 imb:218 pmb:2357 smb:8169 d:- ref:0 ;
in:196 out:193 type:P dur:2 cpbdur:2 q:26.11 aq:18.99 tex:251472 mv:64167 misc:6745 imb:2871 pmb:5871 smb:2002 d:s ref:0 ;
in:194 out:194 type:B dur:2 cpbdur:2 q:26.00 aq:19.89 tex:61262 mv:41864 misc:10386 imb:887 pmb:4267 smb:5590 d:s ref:0 ;
in:193 out:195 type:b dur:2 cpbdur:2 q:25.95 aq:20.33 tex:26006 mv:25622 misc:9228 imb:376 pmb:2993 smb:7375 d:s ref:0 ;
in:195 out:196 type:b dur:2 cpbdur:2 q:26.05 aq:19.87 tex:19156 mv:17168 misc:8140 imb:269 pmb:2194 smb:8281 d:- ref:0 ;
in:200 out:197 type:P dur:2 cpbdur:2 q:26.16 aq:18.97 tex:243922 mv:64196 misc:7002 imb:2695 pmb:5865 smb:2184 d:s ref:0 ;
in:198 out:198 type:B dur:2 cpbdur:2 q:26.13 aq:19.99 tex:56414 mv:39523 misc:10543 imb:808 pmb:4282 smb:5654 d:s ref:0 ;
in:197 out:199 type:b dur:2 cpbdur:2 q:26.12 aq:19.95 tex:20140 mv:19511 misc:8581 imb:255 pmb:2561 smb:7928 d:s ref:0 ;
in:199 out:200 type:b dur:2 cpbdur:2 q:26.15 aq:20.25 tex:15821 mv:14557 misc:7822 imb:193 pmb:2077 smb:8474 d:- ref:0 ;
in:204 out:201 type:P dur:2 cpbdur:2 q:26.20 aq:19.06 tex:235025 mv:63068 misc:7227 imb:2649 pmb:5815 smb:2280 d:s ref:0 ;
in:202 out:202 type:B dur:2 cpbdur:2 q:26.18 aq:19.83 tex:52092 mv:36485 misc:10375 imb:759 pmb:4175 smb:5810 d:s ref:0 ;
in:201 out:203 type:b dur:2 cpbdur:2 q:26.17 aq:20.21 tex:18840 mv:17738 misc:8406 imb:223 pmb:2441 smb:8080 d:s ref:0 ;
in:203 out:204 type:b dur:2 cpbdur:2 q:26.19 aq:20.26 tex:15100 mv:11523 misc:7505 imb:162 pmb:1889 smb:8693 d:- ref:0 ;
in:208 out:205 type:P dur:2 cpbdur:2 q:26.01 aq:18.89 tex:241383 mv:63713 misc:6960 imb:2723 pmb:5863 smb:2158 d:s ref:0 ;
in:206 out:206 type:B dur:2 cpbdur:2 q:26.11 aq:19.51 tex:50950 mv:34956 misc:10254 imb:715 pmb:4038 smb:5991 d:s ref:0 ;
in:205 out:207 type:b dur:2 cpbdur:2 q:26.15 aq:20.21 tex:21041 mv:19115 misc:8716 imb:283 pmb:2610 smb:7851 d:s ref:0 ;
in:207 out:208 type:b dur:2 cpbdur:2 q:26.06 aq:19.92 tex:17114 mv:12925 misc:7769 imb:170 pmb:2130 smb:8444 d:- ref:0 ;
in:212 out:209 type:P dur:2 cpbdur:2 q:25.74 aq:18.62 tex:246193 mv:64069 misc:6618 imb:2715 pmb:6118 smb:1911 d:s ref:0 ;
in:210 out:210 type:B dur:2 cpbdur:2 q:25.88 aq:19.87 tex:63647 mv:39189 misc:10340 imb:861 pmb:4438 smb:5445 d:s ref:0 ;
in:209 out:211 type:b dur:2 cpbdur:2 q:25.94 aq:20.01 tex:24057 mv:20470 misc:8969 imb:310 pmb:2828 smb:7606 d:s ref:0 ;
in:211 out:212 type:b dur:2 cpbdur:2 q:25.81 aq:20.34 tex:22452 mv:16208 misc:8460 imb:234 pmb:2473 smb:8037 d:- ref:0 ;
in:216 out:213 type:P dur:2 cpbdur:2 q:25.43 aq:18.48 tex:258505 mv:63650 misc:6933 imb:2582 pmb:6076 smb:2086 d:s ref:0 ;
in:214 out:214 type:B dur:2 cpbdur:2 q:25.59 aq:19.75 tex:66405 mv:41226 misc:10649 imb:828 pmb:4698 smb:5218 d:s ref:0 ;
in:213 out:215 type:b dur:2 cpbdur:2 q:25.66 aq:20.05 tex:25564 mv:19607 misc:9021 imb:275 pmb:2855 smb:7614 d:s ref:0 ;
in:215 out:216 type:b dur:2 cpbdur:2 q:25.51 aq:20.71 tex:27758 mv:18074 misc:8800 imb:342 pmb:2571 smb:7831 d:- ref:0 ;
in:220 out:217 type:P dur:2 cpbdur:2 q:25.19 aq:18.25 tex:251102 mv:66022 misc:6452 imb:2772 pmb:6088 smb:1884 d:s ref:0 ;
in:218 out:218 type:B dur:2 cpbdur:2 q:25.31 aq:19.73 tex:79161 mv:46915 misc:10436 imb:1026 pmb:5034 smb:4684 d:s ref:0 ;
in:217 out:219 type:b dur:2 cpbdur:2 q:25.37 aq:20.35 tex:32603 mv:24149 misc:9352 imb:379 pmb:3177 smb:7188 d:s ref:0 ;
in:219 out:220 type:b dur:2 cpbdur:2 q:25.25 aq:20.26 tex:30584 mv:20374 misc:9074 imb:320 pmb:2836 smb:7588 d:- ref:0 ;
in:224 out:221 type:P dur:2 cpbdur:2 q:24.96 aq:18.26 tex:295014 mv:71548 misc:5326 imb:3270 pmb:6170 smb:1304 d:s ref:0 ;
in:222 out:222 type:B dur:2 cpbdur:2 q:25.07 aq:19.61 tex:78695 mv:46449 misc:10464 imb:1023 pmb:5094 smb:4627 d:s ref:0 ;
in:221 out:223 type:b dur:2 cpbdur:2 q:25.13 aq:19.76 tex:34540 mv:25302 misc:9734 imb:404 pmb:3389 smb:6951 d:s ref:0 ;
in:223 out:224 type:b dur:2 cpbdur:2 q:25.01 aq:19.66 tex:22405 mv:17191 misc:8596 imb:213 pmb:2565 smb:7966 d:- ref:0 ;
in:228 out:225 type:P dur:2 cpbdur:2 q:24.74 aq:17.96 tex:380041 mv:81927 misc:3704 imb:3815 pmb:6184 smb:745 d:s ref:0 ;
in:226 out:226 type:B dur:2 cpbdur:2 q:24.85 aq:19.62 tex:89902 mv:51972 misc:10102 imb:1038 pmb:5472 smb:4234 d:s ref:0 ;
in:225 out:227 type:b dur:2 cpbdur:2 q:24.90 aq:19.81 tex:33240 mv:26929 misc:9967 imb:343 pmb:3710 smb:6691 d:s ref:0 ;
in:227 out:228 type:b dur:2 cpbdur:2 q:24.79 aq:20.19 tex:33254 mv:23260 misc:9526 imb:336 pmb:3213 smb:7195 d:- ref:0 ;
in:232 out:229 type:P dur:2 cpbdur:2 q:24.59 aq:17.84 tex:312183 mv:74423 misc:5042 imb:3070 pmb:6430 smb:1244 d:s ref:0 ;
in:230 out:230 type:B dur:2 cpbdur:2 q:24.66 aq:19.54 tex:93574 mv:52930 misc:10072 imb:1087 pmb:5471 smb:4186 d:s ref:0 ;
in:229 out:231 type:b dur:2 cpbdur:2 q:24.70 aq:20.21 tex:38392 mv:26635 misc:9781 imb:396 pmb:3525 smb:6823 d:s ref:0 ;
in:231 out:232 type:b dur:2 cpbdur:2 q:24.63 aq:19.86 tex:34088 mv:22848 misc:9352 imb:331 pmb:3224 smb:7189 d:- ref:0 ;
in:236 out:233 type:P dur:2 cpbdur:2 q:24.45 aq:17.74 tex:299410 mv:74248 misc:5270 imb:2975 pmb:6491 smb:1278 d:s ref:0 ;
in:234 out:234 type:B dur:2 cpbdur:2 q:24.52 aq:19.41 tex:91772 mv:52557 misc:10239 imb:1054 pmb:5458 smb:4232 d:s ref:0 ;
in:233 out:235 type:b dur:2 cpbdur:2 q:24.56 aq:19.91 tex:37177 mv:27464 misc:10071 imb:372 pmb:3747 smb:6625 d:s ref:0 ;
in:235 out:236 type:b dur:2 cpbdur:2 q:24.48 aq:19.90 tex:32590 mv:21753 misc:9441 imb:288 pmb:3200 smb:7256 d:- ref:0 ;
in:240 out:237 type:P dur:2 cpbdur:2 q:24.32 aq:17.90 tex:296185 mv:74683 misc:5020 imb:3268 pmb:6328 smb:1148 d:s ref:0 ;
in:238 out:238 type:B dur:2 cpbdur:2 q:24.38 aq:18.99 tex:88951 mv:51154 misc:10375 imb:907 pmb:5570 smb:4267 d:s ref:0 ;
in:237 out:239 type:b dur:2 cpbdur:2 q:24.42 aq:19.68 tex:35695 mv:26734 misc:9955 imb:350 pmb:3647 smb:6747 d:s ref:0 ;
in:239 out:240 type:b dur:2 cpbdur:2 q:24.35 aq:19.52 tex:30870 mv:21562 misc:9440 imb:240 pmb:3207 smb:7297 d:- ref:0 ;
in:244 out:241 type:P dur:2 cpbdur:2 q:24.23 aq:17.81 tex:283692 mv:75835 misc:5033 imb:3390 pmb:6220 smb:1134 d:s ref:0 ;
in:242 out:242 type:B dur:2 cpbdur:2 q:24.27 aq:18.77 tex:97552 mv:56133 misc:10035 imb:1024 pmb:5803 smb:3917 d:s ref:0 ;
in:241 out:243 type:b dur:2 cpbdur:2 q:24.30 aq:19.23 tex:40637 mv:30757 misc:10006 imb:416 pmb:3905 smb:6423 d:s ref:0 ;
in:243 out:244 type:b dur:2 cpbdur:2 q:24.25 aq:18.95 tex:34832 mv:23655 misc:9569 imb:295 pmb:3390 smb:7059 d:- ref:0 ;
in:248 out:245 type:P dur:2 cpbdur:2 q:24.15 aq:18.38 tex:228263 mv:72603 misc:6150 imb:3100 pmb:6093 smb:1551 d:s ref:0 ;
in:246 out:246 type:B dur:2 cpbdur:2 q:24.19 aq:18.95 tex:101080 mv:52903 misc:10153 imb:914 pmb:5820 smb:4010 d:s ref:0 ;
in:245 out:247 type:b dur:2 cpbdur:2 q:24.21 aq:19.55 tex:39471 mv:28630 misc:10091 imb:361 pmb:3824 smb:6559 d:s ref:0 ;
in:247 out:248 type:b dur:2 cpbdur:2 q:24.17 aq:19.32 tex:35162 mv:24381 misc:9761 imb:292 pmb:3516 smb:6936 d:- ref:0 ;
in:251 out:249 type:P dur:2 cpbdur:2 q:24.04 aq:19.61 tex:113008 mv:53988 misc:9220 imb:2393 pmb:4672 smb:3679 d:s ref:0 ;
in:249 out:250 type:B dur:2 cpbdur:2 q:24.11 aq:19.36 tex:50775 mv:29880 misc:10217 imb:456 pmb:3737 smb:6551 d:s ref:0 ;
in:250 out:251 type:b dur:2 cpbdur:2 q:24.08 aq:19.68 tex:56330 mv:36400 misc:10606 imb:497 pmb:4689 smb:5558 d:- ref:0 ;
